app/build/intermediates/manifest_merge_blame_file/debug/manifest-merger-blame-debug-report.txt
1<?xml version="1.0" encoding="utf-8"?>
2<manifest xmlns:android="http://schemas.android.com/apk/res/android"
3    package="com.example.homedical"
4    android:versionCode="1"
5    android:versionName="1.0" >
6
7    <uses-sdk
8        android:minSdkVersion="21"
8-->src/main/AndroidManifest.xml
9        android:targetSdkVersion="29" />
9-->src/main/AndroidManifest.xml
10
11    <uses-permission android:name="android.permission.INTERNET" />
11-->src/main/AndroidManifest.xml:5:5-67
11-->src/main/AndroidManifest.xml:5:22-64
12
13    <!-- Although the *SdkVersion is captured in gradle build files, this is required for non gradle builds -->
14    <!-- <uses-sdk android:minSdkVersion="14"/> -->
15    <uses-permission android:name="android.permission.ACCESS_NETWORK_STATE" />
15-->[com.google.firebase:firebase-database:19.2.0] AndroidManifest.xml:25:5-79
15-->[com.google.firebase:firebase-database:19.2.0] AndroidManifest.xml:25:22-76
16    <uses-permission android:name="android.permission.WAKE_LOCK" /> <!-- Required by older versions of Google Play services to create IID tokens -->
16-->[com.google.android.gms:play-services-measurement-api:17.2.0] AndroidManifest.xml:24:5-68
16-->[com.google.android.gms:play-services-measurement-api:17.2.0] AndroidManifest.xml:24:22-65
17    <uses-permission android:name="com.google.android.c2dm.permission.RECEIVE" />
17-->[com.google.firebase:firebase-iid:19.0.0] AndroidManifest.xml:26:5-82
17-->[com.google.firebase:firebase-iid:19.0.0] AndroidManifest.xml:26:22-79
18    <uses-permission android:name="com.google.android.finsky.permission.BIND_GET_INSTALL_REFERRER_SERVICE" />
18-->[com.google.android.gms:play-services-measurement:17.2.0] AndroidManifest.xml:26:5-110
18-->[com.google.android.gms:play-services-measurement:17.2.0] AndroidManifest.xml:26:22-107
19
20    <application
20-->src/main/AndroidManifest.xml:7:5-41:19
21        android:allowBackup="true"
21-->src/main/AndroidManifest.xml:8:9-35
22        android:appComponentFactory="androidx.core.app.CoreComponentFactory"
22-->[androidx.core:core:1.1.0] AndroidManifest.xml:24:18-86
23        android:debuggable="true"
24        android:icon="@mipmap/ic_launcher"
24-->src/main/AndroidManifest.xml:9:9-43
25        android:label="@string/app_name"
25-->src/main/AndroidManifest.xml:10:9-41
26        android:roundIcon="@mipmap/ic_launcher_round"
26-->src/main/AndroidManifest.xml:11:9-54
27        android:supportsRtl="true"
27-->src/main/AndroidManifest.xml:12:9-35
28        android:theme="@style/AppTheme" >
28-->src/main/AndroidManifest.xml:13:9-40
29        <activity android:name="com.example.homedical.Belly" />
29-->src/main/AndroidManifest.xml:14:9-52
29-->src/main/AndroidManifest.xml:14:19-40
30        <activity android:name="com.example.homedical.Throat" />
30-->src/main/AndroidManifest.xml:15:9-44
30-->src/main/AndroidManifest.xml:15:19-41
31        <activity android:name="com.example.homedical.Back" />
31-->src/main/AndroidManifest.xml:16:9-42
31-->src/main/AndroidManifest.xml:16:19-39
32        <activity android:name="com.example.homedical.eyes" />
32-->src/main/AndroidManifest.xml:17:9-42
32-->src/main/AndroidManifest.xml:17:19-39
33        <activity
33-->src/main/AndroidManifest.xml:18:9-20:59
34            android:name="com.example.homedical.GetDesc"
34-->src/main/AndroidManifest.xml:19:13-36
35            android:theme="@style/AppTheme.CustomTheme" />
35-->src/main/AndroidManifest.xml:20:13-56
36        <activity android:name="com.example.homedical.Head" />
36-->src/main/AndroidManifest.xml:21:9-42
36-->src/main/AndroidManifest.xml:21:19-39
37        <activity android:name="com.example.homedical.Register" >
37-->src/main/AndroidManifest.xml:22:9-28:20
37-->src/main/AndroidManifest.xml:22:19-43
38            <intent-filter>
38-->src/main/AndroidManifest.xml:23:13-27:29
39                <action android:name="android.intent.action.MAIN" />
39-->src/main/AndroidManifest.xml:24:17-69
39-->src/main/AndroidManifest.xml:24:25-66
40
41                <category android:name="android.intent.category" />
41-->src/main/AndroidManifest.xml:26:17-68
41-->src/main/AndroidManifest.xml:26:27-65
42            </intent-filter>
43        </activity>
44        <activity android:name="com.example.homedical.Login" />
44-->src/main/AndroidManifest.xml:29:9-43
44-->src/main/AndroidManifest.xml:29:19-40
45        <activity android:name="com.example.homedical.MainActivity" >
45-->src/main/AndroidManifest.xml:30:9-36:20
45-->src/main/AndroidManifest.xml:30:19-47
46            <intent-filter>
46-->src/main/AndroidManifest.xml:31:13-35:29
47                <action android:name="android.intent.action.MAIN" />
47-->src/main/AndroidManifest.xml:24:17-69
47-->src/main/AndroidManifest.xml:24:25-66
48
49                <category android:name="android.intent.category.LAUNCHER" />
49-->src/main/AndroidManifest.xml:34:17-77
49-->src/main/AndroidManifest.xml:34:27-74
50            </intent-filter>
51        </activity>
52
53        <meta-data
53-->src/main/AndroidManifest.xml:38:9-40:57
54            android:name="preloaded_fonts"
54-->src/main/AndroidManifest.xml:39:13-43
55            android:resource="@array/preloaded_fonts" />
55-->src/main/AndroidManifest.xml:40:13-54
56
57        <activity
57-->[com.google.firebase:firebase-auth:19.2.0] AndroidManifest.xml:24:9-31:50
58            android:name="com.google.firebase.auth.internal.FederatedSignInActivity"
58-->[com.google.firebase:firebase-auth:19.2.0] AndroidManifest.xml:25:13-85
59            android:excludeFromRecents="true"
59-->[com.google.firebase:firebase-auth:19.2.0] AndroidManifest.xml:26:13-46
60            android:exported="true"
60-->[com.google.firebase:firebase-auth:19.2.0] AndroidManifest.xml:27:13-36
61            android:launchMode="singleTask"
61-->[com.google.firebase:firebase-auth:19.2.0] AndroidManifest.xml:28:13-44
62            android:permission="com.google.firebase.auth.api.gms.permission.LAUNCH_FEDERATED_SIGN_IN"
62-->[com.google.firebase:firebase-auth:19.2.0] AndroidManifest.xml:29:13-102
63            android:theme="@android:style/Theme.Translucent.NoTitleBar" />
63-->[com.google.firebase:firebase-auth:19.2.0] AndroidManifest.xml:30:13-72
64
65        <service
65-->[com.google.firebase:firebase-auth:19.2.0] AndroidManifest.xml:33:9-39:19
66            android:name="com.google.firebase.components.ComponentDiscoveryService"
66-->[com.google.firebase:firebase-auth:19.2.0] AndroidManifest.xml:34:13-84
67            android:directBootAware="true"
67-->[com.google.firebase:firebase-common:19.3.0] AndroidManifest.xml:34:13-43
68            android:exported="false" >
68-->[com.google.firebase:firebase-auth:19.2.0] AndroidManifest.xml:35:13-37
69            <meta-data
69-->[com.google.firebase:firebase-auth:19.2.0] AndroidManifest.xml:36:13-38:85
70                android:name="com.google.firebase.components:com.google.firebase.auth.FirebaseAuthRegistrar"
70-->[com.google.firebase:firebase-auth:19.2.0] AndroidManifest.xml:37:17-109
71                android:value="com.google.firebase.components.ComponentRegistrar" />
71-->[com.google.firebase:firebase-auth:19.2.0] AndroidManifest.xml:38:17-82
72            <meta-data
72-->[com.google.firebase:firebase-database:19.2.0] AndroidManifest.xml:32:13-34:85
73                android:name="com.google.firebase.components:com.google.firebase.database.DatabaseRegistrar"
73-->[com.google.firebase:firebase-database:19.2.0] AndroidManifest.xml:33:17-109
74                android:value="com.google.firebase.components.ComponentRegistrar" />
74-->[com.google.firebase:firebase-database:19.2.0] AndroidManifest.xml:34:17-82
75            <meta-data
75-->[com.google.firebase:firebase-firestore:21.3.1] AndroidManifest.xml:20:13-22:85
76                android:name="com.google.firebase.components:com.google.firebase.firestore.FirestoreRegistrar"
76-->[com.google.firebase:firebase-firestore:21.3.1] AndroidManifest.xml:21:17-111
77                android:value="com.google.firebase.components.ComponentRegistrar" />
77-->[com.google.firebase:firebase-firestore:21.3.1] AndroidManifest.xml:22:17-82
78            <meta-data
78-->[com.google.android.gms:play-services-measurement-api:17.2.0] AndroidManifest.xml:30:13-32:85
79                android:name="com.google.firebase.components:com.google.firebase.analytics.connector.internal.AnalyticsConnectorRegistrar"
79-->[com.google.android.gms:play-services-measurement-api:17.2.0] AndroidManifest.xml:31:17-139
80                android:value="com.google.firebase.components.ComponentRegistrar" />
80-->[com.google.android.gms:play-services-measurement-api:17.2.0] AndroidManifest.xml:32:17-82
81            <meta-data
81-->[com.google.firebase:firebase-iid:19.0.0] AndroidManifest.xml:32:13-34:85
82                android:name="com.google.firebase.components:com.google.firebase.iid.Registrar"
82-->[com.google.firebase:firebase-iid:19.0.0] AndroidManifest.xml:33:17-96
83                android:value="com.google.firebase.components.ComponentRegistrar" />
83-->[com.google.firebase:firebase-iid:19.0.0] AndroidManifest.xml:34:17-82
84        </service>
85
86        <receiver
86-->[com.google.firebase:firebase-iid:19.0.0] AndroidManifest.xml:37:9-44:20
87            android:name="com.google.firebase.iid.FirebaseInstanceIdReceiver"
87-->[com.google.firebase:firebase-iid:19.0.0] AndroidManifest.xml:38:13-78
88            android:exported="true"
88-->[com.google.firebase:firebase-iid:19.0.0] AndroidManifest.xml:39:13-36
89            android:permission="com.google.android.c2dm.permission.SEND" >
89-->[com.google.firebase:firebase-iid:19.0.0] AndroidManifest.xml:40:13-73
90            <intent-filter>
90-->[com.google.firebase:firebase-iid:19.0.0] AndroidManifest.xml:41:13-43:29
91                <action android:name="com.google.android.c2dm.intent.RECEIVE" />
91-->[com.google.firebase:firebase-iid:19.0.0] AndroidManifest.xml:42:17-81
91-->[com.google.firebase:firebase-iid:19.0.0] AndroidManifest.xml:42:25-78
92            </intent-filter>
93        </receiver>
94
95        <activity
95-->[com.google.android.gms:play-services-base:17.1.0] AndroidManifest.xml:23:9-26:75
96            android:name="com.google.android.gms.common.api.GoogleApiActivity"
96-->[com.google.android.gms:play-services-base:17.1.0] AndroidManifest.xml:24:13-79
97            android:exported="false"
97-->[com.google.android.gms:play-services-base:17.1.0] AndroidManifest.xml:25:13-37
98            android:theme="@android:style/Theme.Translucent.NoTitleBar" />
98-->[com.google.android.gms:play-services-base:17.1.0] AndroidManifest.xml:26:13-72
99
100        <receiver
100-->[com.google.android.gms:play-services-measurement:17.2.0] AndroidManifest.xml:29:9-33:20
101            android:name="com.google.android.gms.measurement.AppMeasurementReceiver"
101-->[com.google.android.gms:play-services-measurement:17.2.0] AndroidManifest.xml:30:13-85
102            android:enabled="true"
102-->[com.google.android.gms:play-services-measurement:17.2.0] AndroidManifest.xml:31:13-35
103            android:exported="false" >
103-->[com.google.android.gms:play-services-measurement:17.2.0] AndroidManifest.xml:32:13-37
104        </receiver>
105        <receiver
105-->[com.google.android.gms:play-services-measurement:17.2.0] AndroidManifest.xml:34:9-42:20
106            android:name="com.google.android.gms.measurement.AppMeasurementInstallReferrerReceiver"
106-->[com.google.android.gms:play-services-measurement:17.2.0] AndroidManifest.xml:35:13-100
107            android:enabled="true"
107-->[com.google.android.gms:play-services-measurement:17.2.0] AndroidManifest.xml:36:13-35
108            android:exported="true"
108-->[com.google.android.gms:play-services-measurement:17.2.0] AndroidManifest.xml:37:13-36
109            android:permission="android.permission.INSTALL_PACKAGES" >
109-->[com.google.android.gms:play-services-measurement:17.2.0] AndroidManifest.xml:38:13-69
110            <intent-filter>
110-->[com.google.android.gms:play-services-measurement:17.2.0] AndroidManifest.xml:39:13-41:29
111                <action android:name="com.android.vending.INSTALL_REFERRER" />
111-->[com.google.android.gms:play-services-measurement:17.2.0] AndroidManifest.xml:40:17-79
111-->[com.google.android.gms:play-services-measurement:17.2.0] AndroidManifest.xml:40:25-76
112            </intent-filter>
113        </receiver>
114
115        <service
115-->[com.google.android.gms:play-services-measurement:17.2.0] AndroidManifest.xml:44:9-47:40
116            android:name="com.google.android.gms.measurement.AppMeasurementService"
116-->[com.google.android.gms:play-services-measurement:17.2.0] AndroidManifest.xml:45:13-84
117            android:enabled="true"
117-->[com.google.android.gms:play-services-measurement:17.2.0] AndroidManifest.xml:46:13-35
118            android:exported="false" />
118-->[com.google.android.gms:play-services-measurement:17.2.0] AndroidManifest.xml:47:13-37
119        <service
119-->[com.google.android.gms:play-services-measurement:17.2.0] AndroidManifest.xml:48:9-52:72
120            android:name="com.google.android.gms.measurement.AppMeasurementJobService"
120-->[com.google.android.gms:play-services-measurement:17.2.0] AndroidManifest.xml:49:13-87
121            android:enabled="true"
121-->[com.google.android.gms:play-services-measurement:17.2.0] AndroidManifest.xml:50:13-35
122            android:exported="false"
122-->[com.google.android.gms:play-services-measurement:17.2.0] AndroidManifest.xml:51:13-37
123            android:permission="android.permission.BIND_JOB_SERVICE" />
123-->[com.google.android.gms:play-services-measurement:17.2.0] AndroidManifest.xml:52:13-69
124
125        <provider
125-->[com.google.firebase:firebase-common:19.3.0] AndroidManifest.xml:26:9-30:39
126            android:name="com.google.firebase.provider.FirebaseInitProvider"
126-->[com.google.firebase:firebase-common:19.3.0] AndroidManifest.xml:27:13-77
127            android:authorities="com.example.homedical.firebaseinitprovider"
127-->[com.google.firebase:firebase-common:19.3.0] AndroidManifest.xml:28:13-72
128            android:exported="false"
128-->[com.google.firebase:firebase-common:19.3.0] AndroidManifest.xml:29:13-37
129            android:initOrder="100" />
129-->[com.google.firebase:firebase-common:19.3.0] AndroidManifest.xml:30:13-36
130
131        <meta-data
131-->[com.google.android.gms:play-services-basement:17.0.0] AndroidManifest.xml:23:9-25:69
132            android:name="com.google.android.gms.version"
132-->[com.google.android.gms:play-services-basement:17.0.0] AndroidManifest.xml:24:13-58
133            android:value="@integer/google_play_services_version" />
133-->[com.google.android.gms:play-services-basement:17.0.0] AndroidManifest.xml:25:13-66
134    </application>
135
136</manifest>